<?xml version="1.0" encoding="UTF-8"?>
<testsuite name="com.example.QR.QrApplicationTests" tests="1" skipped="0" failures="0" errors="0" timestamp="2019-08-15T17:51:45" hostname="kenoMacBook-Pro.local" time="0.049">
  <properties/>
  <testcase name="contextLoads" classname="com.example.QR.QrApplicationTests" time="0.049"/>
  <system-out><![CDATA[02:51:39.426 [Test worker] DEBUG org.springframework.test.context.junit4.SpringJUnit4ClassRunner - SpringJUnit4ClassRunner constructor called with [class com.example.QR.QrApplicationTests]
02:51:39.437 [Test worker] DEBUG org.springframework.test.context.BootstrapUtils - Instantiating CacheAwareContextLoaderDelegate from class [org.springframework.test.context.cache.DefaultCacheAwareContextLoaderDelegate]
02:51:39.454 [Test worker] DEBUG org.springframework.test.context.BootstrapUtils - Instantiating BootstrapContext using constructor [public org.springframework.test.context.support.DefaultBootstrapContext(java.lang.Class,org.springframework.test.context.CacheAwareContextLoaderDelegate)]
02:51:39.486 [Test worker] DEBUG org.springframework.test.context.BootstrapUtils - Instantiating TestContextBootstrapper for test class [com.example.QR.QrApplicationTests] from class [org.springframework.boot.test.context.SpringBootTestContextBootstrapper]
02:51:39.498 [Test worker] INFO org.springframework.boot.test.context.SpringBootTestContextBootstrapper - Neither @ContextConfiguration nor @ContextHierarchy found for test class [com.example.QR.QrApplicationTests], using SpringBootContextLoader
02:51:39.501 [Test worker] DEBUG org.springframework.test.context.support.AbstractContextLoader - Did not detect default resource location for test class [com.example.QR.QrApplicationTests]: class path resource [com/example/QR/QrApplicationTests-context.xml] does not exist
02:51:39.502 [Test worker] DEBUG org.springframework.test.context.support.AbstractContextLoader - Did not detect default resource location for test class [com.example.QR.QrApplicationTests]: class path resource [com/example/QR/QrApplicationTestsContext.groovy] does not exist
02:51:39.502 [Test worker] INFO org.springframework.test.context.support.AbstractContextLoader - Could not detect default resource locations for test class [com.example.QR.QrApplicationTests]: no resource found for suffixes {-context.xml, Context.groovy}.
02:51:39.503 [Test worker] INFO org.springframework.test.context.support.AnnotationConfigContextLoaderUtils - Could not detect default configuration classes for test class [com.example.QR.QrApplicationTests]: QrApplicationTests does not declare any static, non-private, non-final, nested classes annotated with @Configuration.
02:51:39.563 [Test worker] DEBUG org.springframework.test.context.support.ActiveProfilesUtils - Could not find an 'annotation declaring class' for annotation type [org.springframework.test.context.ActiveProfiles] and class [com.example.QR.QrApplicationTests]
02:51:39.671 [Test worker] DEBUG org.springframework.context.annotation.ClassPathScanningCandidateComponentProvider - Identified candidate component class: file [/Users/km/project/workspace/QR/build/classes/java/main/com/example/QR/QrApplication.class]
02:51:39.673 [Test worker] INFO org.springframework.boot.test.context.SpringBootTestContextBootstrapper - Found @SpringBootConfiguration com.example.QR.QrApplication for test class com.example.QR.QrApplicationTests
02:51:39.767 [Test worker] DEBUG org.springframework.boot.test.context.SpringBootTestContextBootstrapper - @TestExecutionListeners is not present for class [com.example.QR.QrApplicationTests]: using defaults.
02:51:39.768 [Test worker] INFO org.springframework.boot.test.context.SpringBootTestContextBootstrapper - Loaded default TestExecutionListener class names from location [META-INF/spring.factories]: [org.springframework.boot.test.autoconfigure.restdocs.RestDocsTestExecutionListener, org.springframework.boot.test.autoconfigure.web.client.MockRestServiceServerResetTestExecutionListener, org.springframework.boot.test.autoconfigure.web.servlet.MockMvcPrintOnlyOnFailureTestExecutionListener, org.springframework.boot.test.autoconfigure.web.servlet.WebDriverTestExecutionListener, org.springframework.boot.test.mock.mockito.MockitoTestExecutionListener, org.springframework.boot.test.mock.mockito.ResetMocksTestExecutionListener, org.springframework.test.context.web.ServletTestExecutionListener, org.springframework.test.context.support.DirtiesContextBeforeModesTestExecutionListener, org.springframework.test.context.support.DependencyInjectionTestExecutionListener, org.springframework.test.context.support.DirtiesContextTestExecutionListener, org.springframework.test.context.transaction.TransactionalTestExecutionListener, org.springframework.test.context.jdbc.SqlScriptsTestExecutionListener]
02:51:39.785 [Test worker] INFO org.springframework.boot.test.context.SpringBootTestContextBootstrapper - Using TestExecutionListeners: [org.springframework.test.context.web.ServletTestExecutionListener@7200941e, org.springframework.test.context.support.DirtiesContextBeforeModesTestExecutionListener@2e1b27d0, org.springframework.boot.test.mock.mockito.MockitoTestExecutionListener@7a99e781, org.springframework.boot.test.autoconfigure.SpringBootDependencyInjectionTestExecutionListener@79f0e2ed, org.springframework.test.context.support.DirtiesContextTestExecutionListener@f2629a9, org.springframework.test.context.transaction.TransactionalTestExecutionListener@7874aa3a, org.springframework.test.context.jdbc.SqlScriptsTestExecutionListener@4d64ef5a, org.springframework.boot.test.autoconfigure.restdocs.RestDocsTestExecutionListener@337d9b91, org.springframework.boot.test.autoconfigure.web.client.MockRestServiceServerResetTestExecutionListener@d289736, org.springframework.boot.test.autoconfigure.web.servlet.MockMvcPrintOnlyOnFailureTestExecutionListener@50d0c9d3, org.springframework.boot.test.autoconfigure.web.servlet.WebDriverTestExecutionListener@3a24f2ac, org.springframework.boot.test.mock.mockito.ResetMocksTestExecutionListener@655a476a]
02:51:39.787 [Test worker] DEBUG org.springframework.test.annotation.ProfileValueUtils - Retrieved @ProfileValueSourceConfiguration [null] for test class [com.example.QR.QrApplicationTests]
02:51:39.787 [Test worker] DEBUG org.springframework.test.annotation.ProfileValueUtils - Retrieved ProfileValueSource type [class org.springframework.test.annotation.SystemProfileValueSource] for class [com.example.QR.QrApplicationTests]
02:51:39.788 [Test worker] DEBUG org.springframework.test.annotation.ProfileValueUtils - Retrieved @ProfileValueSourceConfiguration [null] for test class [com.example.QR.QrApplicationTests]
02:51:39.788 [Test worker] DEBUG org.springframework.test.annotation.ProfileValueUtils - Retrieved ProfileValueSource type [class org.springframework.test.annotation.SystemProfileValueSource] for class [com.example.QR.QrApplicationTests]
02:51:39.792 [Test worker] DEBUG org.springframework.test.context.support.AbstractDirtiesContextTestExecutionListener - Before test class: context [DefaultTestContext@6004425d testClass = QrApplicationTests, testInstance = [null], testMethod = [null], testException = [null], mergedContextConfiguration = [WebMergedContextConfiguration@435dfda3 testClass = QrApplicationTests, locations = '{}', classes = '{class com.example.QR.QrApplication}', contextInitializerClasses = '[]', activeProfiles = '{}', propertySourceLocations = '{}', propertySourceProperties = '{org.springframework.boot.test.context.SpringBootTestContextBootstrapper=true}', contextCustomizers = set[org.springframework.boot.test.autoconfigure.properties.PropertyMappingContextCustomizer@0, org.springframework.boot.test.autoconfigure.web.servlet.WebDriverContextCustomizerFactory$Customizer@4387ad47, org.springframework.boot.test.context.filter.ExcludeFilterContextCustomizer@555a2653, org.springframework.boot.test.json.DuplicateJsonObjectContextCustomizerFactory$DuplicateJsonObjectContextCustomizer@766ec1a6, org.springframework.boot.test.mock.mockito.MockitoContextCustomizer@0, org.springframework.boot.test.web.client.TestRestTemplateContextCustomizer@1245da31, org.springframework.boot.test.web.reactive.server.WebTestClientContextCustomizer@37a3ec6b], resourceBasePath = 'src/main/webapp', contextLoader = 'org.springframework.boot.test.context.SpringBootContextLoader', parent = [null]], attributes = map['org.springframework.test.context.web.ServletTestExecutionListener.activateListener' -> true]], class annotated with @DirtiesContext [false] with mode [null].
02:51:39.792 [Test worker] DEBUG org.springframework.test.annotation.ProfileValueUtils - Retrieved @ProfileValueSourceConfiguration [null] for test class [com.example.QR.QrApplicationTests]
02:51:39.792 [Test worker] DEBUG org.springframework.test.annotation.ProfileValueUtils - Retrieved ProfileValueSource type [class org.springframework.test.annotation.SystemProfileValueSource] for class [com.example.QR.QrApplicationTests]
02:51:39.819 [Test worker] DEBUG org.springframework.test.context.support.TestPropertySourceUtils - Adding inlined properties to environment: {spring.jmx.enabled=false, org.springframework.boot.test.context.SpringBootTestContextBootstrapper=true, server.port=-1}

  .   ____          _            __ _ _
 /\\ / ___'_ __ _ _(_)_ __  __ _ \ \ \ \
( ( )\___ | '_ | '_| | '_ \/ _` | \ \ \ \
 \\/  ___)| |_)| | | | | || (_| |  ) ) ) )
  '  |____| .__|_| |_|_| |_\__, | / / / /
 =========|_|==============|___/=/_/_/_/
 :: Spring Boot ::        (v2.1.7.RELEASE)

2019-08-16 02:51:40.282  INFO 11079 --- [    Test worker] com.example.QR.QrApplicationTests        : Starting QrApplicationTests on kenoMacBook-Pro.local with PID 11079 (started by km in /Users/km/project/workspace/QR)
2019-08-16 02:51:40.284  INFO 11079 --- [    Test worker] com.example.QR.QrApplicationTests        : No active profile set, falling back to default profiles: default
2019-08-16 02:51:41.033  INFO 11079 --- [    Test worker] .s.d.r.c.RepositoryConfigurationDelegate : Bootstrapping Spring Data repositories in DEFAULT mode.
2019-08-16 02:51:41.222  INFO 11079 --- [    Test worker] .s.d.r.c.RepositoryConfigurationDelegate : Finished Spring Data repository scanning in 182ms. Found 1 repository interfaces.
2019-08-16 02:51:41.694  INFO 11079 --- [    Test worker] trationDelegate$BeanPostProcessorChecker : Bean 'org.springframework.ws.config.annotation.DelegatingWsConfiguration' of type [org.springframework.ws.config.annotation.DelegatingWsConfiguration$$EnhancerBySpringCGLIB$$9be4193c] is not eligible for getting processed by all BeanPostProcessors (for example: not eligible for auto-proxying)
2019-08-16 02:51:41.735  INFO 11079 --- [    Test worker] .w.s.a.s.AnnotationActionEndpointMapping : Supporting [WS-Addressing August 2004, WS-Addressing 1.0]
2019-08-16 02:51:41.761  INFO 11079 --- [    Test worker] trationDelegate$BeanPostProcessorChecker : Bean 'org.springframework.transaction.annotation.ProxyTransactionManagementConfiguration' of type [org.springframework.transaction.annotation.ProxyTransactionManagementConfiguration$$EnhancerBySpringCGLIB$$f74c543d] is not eligible for getting processed by all BeanPostProcessors (for example: not eligible for auto-proxying)
2019-08-16 02:51:42.069  INFO 11079 --- [    Test worker] com.zaxxer.hikari.HikariDataSource       : HikariPool-1 - Starting...
2019-08-16 02:51:42.500  INFO 11079 --- [    Test worker] com.zaxxer.hikari.HikariDataSource       : HikariPool-1 - Start completed.
2019-08-16 02:51:42.594  INFO 11079 --- [    Test worker] o.hibernate.jpa.internal.util.LogHelper  : HHH000204: Processing PersistenceUnitInfo [
	name: default
	...]
2019-08-16 02:51:42.752  INFO 11079 --- [    Test worker] org.hibernate.Version                    : HHH000412: Hibernate Core {5.3.10.Final}
2019-08-16 02:51:42.753  INFO 11079 --- [    Test worker] org.hibernate.cfg.Environment            : HHH000206: hibernate.properties not found
2019-08-16 02:51:42.892  INFO 11079 --- [    Test worker] o.hibernate.annotations.common.Version   : HCANN000001: Hibernate Commons Annotations {5.0.4.Final}
2019-08-16 02:51:43.040  INFO 11079 --- [    Test worker] org.hibernate.dialect.Dialect            : HHH000400: Using dialect: org.hibernate.dialect.MySQL5Dialect
2019-08-16 02:51:43.767  INFO 11079 --- [    Test worker] j.LocalContainerEntityManagerFactoryBean : Initialized JPA EntityManagerFactory for persistence unit 'default'
2019-08-16 02:51:45.096  INFO 11079 --- [    Test worker] o.s.s.concurrent.ThreadPoolTaskExecutor  : Initializing ExecutorService 'applicationTaskExecutor'
2019-08-16 02:51:45.151  WARN 11079 --- [    Test worker] aWebConfiguration$JpaWebMvcConfiguration : spring.jpa.open-in-view is enabled by default. Therefore, database queries may be performed during view rendering. Explicitly configure spring.jpa.open-in-view to disable this warning
2019-08-16 02:51:45.206  INFO 11079 --- [    Test worker] o.s.b.a.w.s.WelcomePageHandlerMapping    : Adding welcome page template: index
2019-08-16 02:51:45.789  INFO 11079 --- [    Test worker] com.example.QR.QrApplicationTests        : Started QrApplicationTests in 5.963 seconds (JVM running for 7.364)
]]></system-out>
  <system-err><![CDATA[]]></system-err>
</testsuite>
